# JRE version: OpenJDK Runtime Environment Temurin-11.0.17+8 (11.0.17+8) (build 11.0.17+8)
# Java VM: OpenJDK 64-Bit Server VM Temurin-11.0.17+8 (11.0.17+8, mixed mode, tiered, compressed oops, g1 gc, windows-amd64)
Heap:
 garbage-first heap   total 124928K, used 74622K [0x0000000080000000, 0x0000000100000000)
  region size 1024K, 6 young (6144K), 4 survivors (4096K)
 Metaspace       used 81068K, capacity 83476K, committed 83664K, reserved 589824K
  class space    used 10375K, capacity 11362K, committed 11392K, reserved 516096K
GC Heap History (20 events):
Event: 562.838 GC heap before
{Heap before GC invocations=87 (full 0):
 garbage-first heap   total 103424K, used 77173K [0x0000000080000000, 0x0000000100000000)
  region size 1024K, 23 young (23552K), 1 survivors (1024K)
 Metaspace       used 69494K, capacity 71603K, committed 71760K, reserved 579584K
  class space    used 8992K, capacity 9857K, committed 9984K, reserved 516096K
}
Event: 562.911 GC heap after
{Heap after GC invocations=88 (full 0):
 garbage-first heap   total 103424K, used 56212K [0x0000000080000000, 0x0000000100000000)
  region size 1024K, 3 young (3072K), 3 survivors (3072K)
 Metaspace       used 69494K, capacity 71603K, committed 71760K, reserved 579584K
  class space    used 8992K, capacity 9857K, committed 9984K, reserved 516096K
}
Event: 615.243 GC heap before
{Heap before GC invocations=89 (full 0):
 garbage-first heap   total 103424K, used 78740K [0x0000000080000000, 0x0000000100000000)
  region size 1024K, 25 young (25600K), 3 survivors (3072K)
 Metaspace       used 70007K, capacity 72154K, committed 72272K, reserved 579584K
  class space    used 9062K, capacity 9951K, committed 9984K, reserved 516096K
}
Event: 615.521 GC heap after
{Heap after GC invocations=90 (full 0):
 garbage-first heap   total 103424K, used 57079K [0x0000000080000000, 0x0000000100000000)
  region size 1024K, 3 young (3072K), 3 survivors (3072K)
 Metaspace       used 70007K, capacity 72154K, committed 72272K, reserved 579584K
  class space    used 9062K, capacity 9951K, committed 9984K, reserved 516096K
}
Event: 643.569 GC heap before
{Heap before GC invocations=90 (full 0):
 garbage-first heap   total 103424K, used 79607K [0x0000000080000000, 0x0000000100000000)
  region size 1024K, 26 young (26624K), 3 survivors (3072K)
 Metaspace       used 71287K, capacity 73527K, committed 73808K, reserved 581632K
  class space    used 9242K, capacity 10151K, committed 10240K, reserved 516096K
}
Event: 643.842 GC heap after
{Heap after GC invocations=91 (full 0):
 garbage-first heap   total 103424K, used 58598K [0x0000000080000000, 0x0000000100000000)
  region size 1024K, 3 young (3072K), 3 survivors (3072K)
 Metaspace       used 71287K, capacity 73527K, committed 73808K, reserved 581632K
  class space    used 9242K, capacity 10151K, committed 10240K, reserved 516096K
}
Event: 648.232 GC heap before
{Heap before GC invocations=92 (full 0):
 garbage-first heap   total 103424K, used 81126K [0x0000000080000000, 0x0000000100000000)
  region size 1024K, 26 young (26624K), 3 survivors (3072K)
 Metaspace       used 72936K, capacity 75154K, committed 75216K, reserved 581632K
  class space    used 9429K, capacity 10351K, committed 10368K, reserved 516096K
}
Event: 648.246 GC heap after
{Heap after GC invocations=93 (full 0):
 garbage-first heap   total 103424K, used 60224K [0x0000000080000000, 0x0000000100000000)
  region size 1024K, 4 young (4096K), 4 survivors (4096K)
 Metaspace       used 72936K, capacity 75154K, committed 75216K, reserved 581632K
  class space    used 9429K, capacity 10351K, committed 10368K, reserved 516096K
}
Event: 671.221 GC heap before
{Heap before GC invocations=93 (full 0):
 garbage-first heap   total 103424K, used 81728K [0x0000000080000000, 0x0000000100000000)
  region size 1024K, 26 young (26624K), 4 survivors (4096K)
 Metaspace       used 73553K, capacity 75838K, committed 76112K, reserved 583680K
  class space    used 9506K, capacity 10448K, committed 10496K, reserved 516096K
}
Event: 671.453 GC heap after
{Heap after GC invocations=94 (full 0):
 garbage-first heap   total 103424K, used 61194K [0x0000000080000000, 0x0000000100000000)
  region size 1024K, 3 young (3072K), 3 survivors (3072K)
 Metaspace       used 73553K, capacity 75838K, committed 76112K, reserved 583680K
  class space    used 9506K, capacity 10448K, committed 10496K, reserved 516096K
}
Event: 683.816 GC heap before
{Heap before GC invocations=95 (full 0):
 garbage-first heap   total 103424K, used 73482K [0x0000000080000000, 0x0000000100000000)
  region size 1024K, 16 young (16384K), 3 survivors (3072K)
 Metaspace       used 73620K, capacity 75923K, committed 76112K, reserved 583680K
  class space    used 9508K, capacity 10450K, committed 10496K, reserved 516096K
}
Event: 683.884 GC heap after
{Heap after GC invocations=96 (full 0):
 garbage-first heap   total 124928K, used 61696K [0x0000000080000000, 0x0000000100000000)
  region size 1024K, 2 young (2048K), 2 survivors (2048K)
 Metaspace       used 73620K, capacity 75923K, committed 76112K, reserved 583680K
  class space    used 9508K, capacity 10450K, committed 10496K, reserved 516096K
}
Event: 685.885 GC heap before
{Heap before GC invocations=97 (full 0):
 garbage-first heap   total 124928K, used 63744K [0x0000000080000000, 0x0000000100000000)
  region size 1024K, 5 young (5120K), 2 survivors (2048K)
 Metaspace       used 73698K, capacity 76035K, committed 76112K, reserved 583680K
  class space    used 9517K, capacity 10490K, committed 10496K, reserved 516096K
}
Event: 685.893 GC heap after
{Heap after GC invocations=98 (full 0):
 garbage-first heap   total 124928K, used 63579K [0x0000000080000000, 0x0000000100000000)
  region size 1024K, 3 young (3072K), 3 survivors (3072K)
 Metaspace       used 73698K, capacity 76035K, committed 76112K, reserved 583680K
  class space    used 9517K, capacity 10490K, committed 10496K, reserved 516096K
}
Event: 700.382 GC heap before
{Heap before GC invocations=99 (full 0):
 garbage-first heap   total 124928K, used 97371K [0x0000000080000000, 0x0000000100000000)
  region size 1024K, 36 young (36864K), 3 survivors (3072K)
 Metaspace       used 77939K, capacity 80276K, committed 80464K, reserved 585728K
  class space    used 9990K, capacity 10936K, committed 11008K, reserved 516096K
}
Event: 700.460 GC heap after
{Heap after GC invocations=100 (full 0):
 garbage-first heap   total 124928K, used 67121K [0x0000000080000000, 0x0000000100000000)
  region size 1024K, 5 young (5120K), 5 survivors (5120K)
 Metaspace       used 77939K, capacity 80276K, committed 80464K, reserved 585728K
  class space    used 9990K, capacity 10936K, committed 11008K, reserved 516096K
}
Event: 704.790 GC heap before
{Heap before GC invocations=100 (full 0):
 garbage-first heap   total 124928K, used 79409K [0x0000000080000000, 0x0000000100000000)
  region size 1024K, 18 young (18432K), 5 survivors (5120K)
 Metaspace       used 79937K, capacity 82326K, committed 82512K, reserved 587776K
  class space    used 10221K, capacity 11197K, committed 11264K, reserved 516096K
}
Event: 704.834 GC heap after
{Heap after GC invocations=101 (full 0):
 garbage-first heap   total 124928K, used 69518K [0x0000000080000000, 0x0000000100000000)
  region size 1024K, 5 young (5120K), 5 survivors (5120K)
 Metaspace       used 79937K, capacity 82326K, committed 82512K, reserved 587776K
  class space    used 10221K, capacity 11197K, committed 11264K, reserved 516096K
}
Event: 713.021 GC heap before
{Heap before GC invocations=102 (full 0):
 garbage-first heap   total 124928K, used 102286K [0x0000000080000000, 0x0000000100000000)
  region size 1024K, 29 young (29696K), 5 survivors (5120K)
 Metaspace       used 80958K, capacity 83348K, committed 83408K, reserved 589824K
  class space    used 10361K, capacity 11362K, committed 11392K, reserved 516096K
}
Event: 713.113 GC heap after
{Heap after GC invocations=103 (full 0):
 garbage-first heap   total 124928K, used 73598K [0x0000000080000000, 0x0000000100000000)
  region size 1024K, 4 young (4096K), 4 survivors (4096K)
 Metaspace       used 80958K, capacity 83348K, committed 83408K, reserved 589824K
  class space    used 10361K, capacity 11362K, committed 11392K, reserved 516096K
}

