# JRE version: OpenJDK Runtime Environment Temurin-11.0.17+8 (11.0.17+8) (build 11.0.17+8)
# Java VM: OpenJDK 64-Bit Server VM Temurin-11.0.17+8 (11.0.17+8, mixed mode, tiered, compressed oops, g1 gc, windows-amd64)
Heap:
 garbage-first heap   total 114688K, used 84576K [0x0000000080000000, 0x0000000100000000)
  region size 1024K, 6 young (6144K), 1 survivors (1024K)
 Metaspace       used 85695K, capacity 88064K, committed 88144K, reserved 593920K
  class space    used 10970K, capacity 11988K, committed 12032K, reserved 516096K
GC Heap History (20 events):
Event: 707.327 GC heap before
{Heap before GC invocations=91 (full 0):
 garbage-first heap   total 95232K, used 72993K [0x0000000080000000, 0x0000000100000000)
  region size 1024K, 4 young (4096K), 2 survivors (2048K)
 Metaspace       used 81459K, capacity 83859K, committed 84048K, reserved 589824K
  class space    used 10459K, capacity 11469K, committed 11520K, reserved 516096K
}
Event: 707.343 GC heap after
{Heap after GC invocations=92 (full 0):
 garbage-first heap   total 95232K, used 69739K [0x0000000080000000, 0x0000000100000000)
  region size 1024K, 1 young (1024K), 1 survivors (1024K)
 Metaspace       used 81459K, capacity 83859K, committed 84048K, reserved 589824K
  class space    used 10459K, capacity 11469K, committed 11520K, reserved 516096K
}
Event: 713.673 GC heap before
{Heap before GC invocations=92 (full 0):
 garbage-first heap   total 95232K, used 78955K [0x0000000080000000, 0x0000000100000000)
  region size 1024K, 10 young (10240K), 1 survivors (1024K)
 Metaspace       used 82535K, capacity 84880K, committed 84944K, reserved 589824K
  class space    used 10591K, capacity 11590K, committed 11648K, reserved 516096K
}
Event: 713.678 GC heap after
{Heap after GC invocations=93 (full 0):
 garbage-first heap   total 95232K, used 70172K [0x0000000080000000, 0x0000000100000000)
  region size 1024K, 1 young (1024K), 1 survivors (1024K)
 Metaspace       used 82535K, capacity 84880K, committed 84944K, reserved 589824K
  class space    used 10591K, capacity 11590K, committed 11648K, reserved 516096K
}
Event: 715.702 GC heap before
{Heap before GC invocations=94 (full 0):
 garbage-first heap   total 95232K, used 80412K [0x0000000080000000, 0x0000000100000000)
  region size 1024K, 11 young (11264K), 1 survivors (1024K)
 Metaspace       used 84164K, capacity 86521K, committed 86608K, reserved 591872K
  class space    used 10747K, capacity 11753K, committed 11776K, reserved 516096K
}
Event: 715.710 GC heap after
{Heap after GC invocations=95 (full 0):
 garbage-first heap   total 95232K, used 70366K [0x0000000080000000, 0x0000000100000000)
  region size 1024K, 1 young (1024K), 1 survivors (1024K)
 Metaspace       used 84164K, capacity 86521K, committed 86608K, reserved 591872K
  class space    used 10747K, capacity 11753K, committed 11776K, reserved 516096K
}
Event: 716.167 GC heap before
{Heap before GC invocations=95 (full 0):
 garbage-first heap   total 95232K, used 73438K [0x0000000080000000, 0x0000000100000000)
  region size 1024K, 4 young (4096K), 1 survivors (1024K)
 Metaspace       used 84349K, capacity 86693K, committed 86992K, reserved 591872K
  class space    used 10769K, capacity 11787K, committed 11904K, reserved 516096K
}
Event: 716.193 GC heap after
{Heap after GC invocations=96 (full 0):
 garbage-first heap   total 95232K, used 70065K [0x0000000080000000, 0x0000000100000000)
  region size 1024K, 1 young (1024K), 1 survivors (1024K)
 Metaspace       used 84349K, capacity 86693K, committed 86992K, reserved 591872K
  class space    used 10769K, capacity 11787K, committed 11904K, reserved 516096K
}
Event: 720.672 GC heap before
{Heap before GC invocations=96 (full 0):
 garbage-first heap   total 95232K, used 78257K [0x0000000080000000, 0x0000000100000000)
  region size 1024K, 10 young (10240K), 1 survivors (1024K)
 Metaspace       used 85113K, capacity 87533K, committed 87888K, reserved 593920K
  class space    used 10874K, capacity 11921K, committed 12032K, reserved 516096K
}
Event: 720.683 GC heap after
{Heap after GC invocations=97 (full 0):
 garbage-first heap   total 95232K, used 71306K [0x0000000080000000, 0x0000000100000000)
  region size 1024K, 2 young (2048K), 2 survivors (2048K)
 Metaspace       used 85113K, capacity 87533K, committed 87888K, reserved 593920K
  class space    used 10874K, capacity 11921K, committed 12032K, reserved 516096K
}
Event: 721.943 GC heap before
{Heap before GC invocations=98 (full 0):
 garbage-first heap   total 95232K, used 72330K [0x0000000080000000, 0x0000000100000000)
  region size 1024K, 4 young (4096K), 2 survivors (2048K)
 Metaspace       used 85113K, capacity 87533K, committed 87888K, reserved 593920K
  class space    used 10874K, capacity 11921K, committed 12032K, reserved 516096K
}
Event: 721.952 GC heap after
{Heap after GC invocations=99 (full 0):
 garbage-first heap   total 95232K, used 72654K [0x0000000080000000, 0x0000000100000000)
  region size 1024K, 2 young (2048K), 2 survivors (2048K)
 Metaspace       used 85113K, capacity 87533K, committed 87888K, reserved 593920K
  class space    used 10874K, capacity 11921K, committed 12032K, reserved 516096K
}
Event: 722.572 GC heap before
{Heap before GC invocations=100 (full 0):
 garbage-first heap   total 95232K, used 79822K [0x0000000080000000, 0x0000000100000000)
  region size 1024K, 7 young (7168K), 2 survivors (2048K)
 Metaspace       used 85113K, capacity 87533K, committed 87888K, reserved 593920K
  class space    used 10874K, capacity 11921K, committed 12032K, reserved 516096K
}
Event: 722.704 GC heap after
{Heap after GC invocations=101 (full 0):
 garbage-first heap   total 95232K, used 75818K [0x0000000080000000, 0x0000000100000000)
  region size 1024K, 1 young (1024K), 1 survivors (1024K)
 Metaspace       used 85113K, capacity 87533K, committed 87888K, reserved 593920K
  class space    used 10874K, capacity 11921K, committed 12032K, reserved 516096K
}
Event: 722.801 GC heap before
{Heap before GC invocations=101 (full 0):
 garbage-first heap   total 95232K, used 81962K [0x0000000080000000, 0x0000000100000000)
  region size 1024K, 4 young (4096K), 1 survivors (1024K)
 Metaspace       used 85113K, capacity 87533K, committed 87888K, reserved 593920K
  class space    used 10874K, capacity 11921K, committed 12032K, reserved 516096K
}
Event: 722.810 GC heap after
{Heap after GC invocations=102 (full 0):
 garbage-first heap   total 95232K, used 79103K [0x0000000080000000, 0x0000000100000000)
  region size 1024K, 1 young (1024K), 1 survivors (1024K)
 Metaspace       used 85113K, capacity 87533K, committed 87888K, reserved 593920K
  class space    used 10874K, capacity 11921K, committed 12032K, reserved 516096K
}
Event: 723.069 GC heap before
{Heap before GC invocations=103 (full 0):
 garbage-first heap   total 95232K, used 83199K [0x0000000080000000, 0x0000000100000000)
  region size 1024K, 4 young (4096K), 1 survivors (1024K)
 Metaspace       used 85120K, capacity 87539K, committed 87888K, reserved 593920K
  class space    used 10875K, capacity 11922K, committed 12032K, reserved 516096K
}
Event: 723.075 GC heap after
{Heap after GC invocations=104 (full 0):
 garbage-first heap   total 114688K, used 80094K [0x0000000080000000, 0x0000000100000000)
  region size 1024K, 1 young (1024K), 1 survivors (1024K)
 Metaspace       used 85120K, capacity 87539K, committed 87888K, reserved 593920K
  class space    used 10875K, capacity 11922K, committed 12032K, reserved 516096K
}
Event: 723.974 GC heap before
{Heap before GC invocations=104 (full 0):
 garbage-first heap   total 114688K, used 84190K [0x0000000080000000, 0x0000000100000000)
  region size 1024K, 5 young (5120K), 1 survivors (1024K)
 Metaspace       used 85264K, capacity 87616K, committed 87888K, reserved 593920K
  class space    used 10898K, capacity 11924K, committed 12032K, reserved 516096K
}
Event: 723.982 GC heap after
{Heap after GC invocations=105 (full 0):
 garbage-first heap   total 114688K, used 80480K [0x0000000080000000, 0x0000000100000000)
  region size 1024K, 1 young (1024K), 1 survivors (1024K)
 Metaspace       used 85264K, capacity 87616K, committed 87888K, reserved 593920K
  class space    used 10898K, capacity 11924K, committed 12032K, reserved 516096K
}

