# JRE version: OpenJDK Runtime Environment Temurin-11.0.17+8 (11.0.17+8) (build 11.0.17+8)
# Java VM: OpenJDK 64-Bit Server VM Temurin-11.0.17+8 (11.0.17+8, mixed mode, tiered, compressed oops, g1 gc, windows-amd64)
Heap:
 garbage-first heap   total 171008K, used 163268K [0x0000000080000000, 0x0000000100000000)
  region size 1024K, 4 young (4096K), 1 survivors (1024K)
 Metaspace       used 100392K, capacity 104454K, committed 104656K, reserved 606208K
  class space    used 13147K, capacity 14719K, committed 14720K, reserved 516096K
GC Heap History (20 events):
Event: 1172.192 GC heap before
{Heap before GC invocations=207 (full 0):
 garbage-first heap   total 158720K, used 156738K [0x0000000080000000, 0x0000000100000000)
  region size 1024K, 7 young (7168K), 1 survivors (1024K)
 Metaspace       used 100025K, capacity 103823K, committed 104144K, reserved 606208K
  class space    used 13102K, capacity 14612K, committed 14720K, reserved 516096K
}
Event: 1172.234 GC heap after
{Heap after GC invocations=208 (full 0):
 garbage-first heap   total 158720K, used 151444K [0x0000000080000000, 0x0000000100000000)
  region size 1024K, 1 young (1024K), 1 survivors (1024K)
 Metaspace       used 100025K, capacity 103823K, committed 104144K, reserved 606208K
  class space    used 13102K, capacity 14612K, committed 14720K, reserved 516096K
}
Event: 1176.325 GC heap before
{Heap before GC invocations=208 (full 0):
 garbage-first heap   total 158720K, used 157588K [0x0000000080000000, 0x0000000100000000)
  region size 1024K, 7 young (7168K), 1 survivors (1024K)
 Metaspace       used 100178K, capacity 104130K, committed 104400K, reserved 606208K
  class space    used 13120K, capacity 14660K, committed 14720K, reserved 516096K
}
Event: 1176.363 GC heap after
{Heap after GC invocations=209 (full 0):
 garbage-first heap   total 160768K, used 153543K [0x0000000080000000, 0x0000000100000000)
  region size 1024K, 1 young (1024K), 1 survivors (1024K)
 Metaspace       used 100178K, capacity 104130K, committed 104400K, reserved 606208K
  class space    used 13120K, capacity 14660K, committed 14720K, reserved 516096K
}
Event: 1177.014 GC heap before
{Heap before GC invocations=209 (full 0):
 garbage-first heap   total 160768K, used 159687K [0x0000000080000000, 0x0000000100000000)
  region size 1024K, 7 young (7168K), 1 survivors (1024K)
 Metaspace       used 100292K, capacity 104269K, committed 104400K, reserved 606208K
  class space    used 13136K, capacity 14705K, committed 14720K, reserved 516096K
}
Event: 1177.022 GC heap after
{Heap after GC invocations=210 (full 0):
 garbage-first heap   total 162816K, used 155648K [0x0000000080000000, 0x0000000100000000)
  region size 1024K, 1 young (1024K), 1 survivors (1024K)
 Metaspace       used 100292K, capacity 104269K, committed 104400K, reserved 606208K
  class space    used 13136K, capacity 14705K, committed 14720K, reserved 516096K
}
Event: 1183.144 GC heap before
{Heap before GC invocations=211 (full 0):
 garbage-first heap   total 162816K, used 160768K [0x0000000080000000, 0x0000000100000000)
  region size 1024K, 7 young (7168K), 1 survivors (1024K)
 Metaspace       used 100344K, capacity 104368K, committed 104400K, reserved 606208K
  class space    used 13144K, capacity 14715K, committed 14720K, reserved 516096K
}
Event: 1183.173 GC heap after
{Heap after GC invocations=212 (full 0):
 garbage-first heap   total 164864K, used 157059K [0x0000000080000000, 0x0000000100000000)
  region size 1024K, 1 young (1024K), 1 survivors (1024K)
 Metaspace       used 100344K, capacity 104368K, committed 104400K, reserved 606208K
  class space    used 13144K, capacity 14715K, committed 14720K, reserved 516096K
}
Event: 1196.672 GC heap before
{Heap before GC invocations=212 (full 0):
 garbage-first heap   total 164864K, used 164227K [0x0000000080000000, 0x0000000100000000)
  region size 1024K, 8 young (8192K), 1 survivors (1024K)
 Metaspace       used 100346K, capacity 104368K, committed 104400K, reserved 606208K
  class space    used 13144K, capacity 14715K, committed 14720K, reserved 516096K
}
Event: 1196.804 GC heap after
{Heap after GC invocations=213 (full 0):
 garbage-first heap   total 166912K, used 157664K [0x0000000080000000, 0x0000000100000000)
  region size 1024K, 1 young (1024K), 1 survivors (1024K)
 Metaspace       used 100346K, capacity 104368K, committed 104400K, reserved 606208K
  class space    used 13144K, capacity 14715K, committed 14720K, reserved 516096K
}
Event: 1216.719 GC heap before
{Heap before GC invocations=214 (full 0):
 garbage-first heap   total 166912K, used 163808K [0x0000000080000000, 0x0000000100000000)
  region size 1024K, 8 young (8192K), 1 survivors (1024K)
 Metaspace       used 100364K, capacity 104368K, committed 104400K, reserved 606208K
  class space    used 13144K, capacity 14715K, committed 14720K, reserved 516096K
}
Event: 1216.770 GC heap after
{Heap after GC invocations=215 (full 0):
 garbage-first heap   total 166912K, used 158069K [0x0000000080000000, 0x0000000100000000)
  region size 1024K, 1 young (1024K), 1 survivors (1024K)
 Metaspace       used 100364K, capacity 104368K, committed 104400K, reserved 606208K
  class space    used 13144K, capacity 14715K, committed 14720K, reserved 516096K
}
Event: 1226.579 GC heap before
{Heap before GC invocations=215 (full 0):
 garbage-first heap   total 166912K, used 164213K [0x0000000080000000, 0x0000000100000000)
  region size 1024K, 8 young (8192K), 1 survivors (1024K)
 Metaspace       used 100364K, capacity 104368K, committed 104400K, reserved 606208K
  class space    used 13144K, capacity 14715K, committed 14720K, reserved 516096K
}
Event: 1226.604 GC heap after
{Heap after GC invocations=216 (full 0):
 garbage-first heap   total 167936K, used 157762K [0x0000000080000000, 0x0000000100000000)
  region size 1024K, 1 young (1024K), 1 survivors (1024K)
 Metaspace       used 100364K, capacity 104368K, committed 104400K, reserved 606208K
  class space    used 13144K, capacity 14715K, committed 14720K, reserved 516096K
}
Event: 1234.217 GC heap before
{Heap before GC invocations=216 (full 0):
 garbage-first heap   total 167936K, used 164930K [0x0000000080000000, 0x0000000100000000)
  region size 1024K, 8 young (8192K), 1 survivors (1024K)
 Metaspace       used 100364K, capacity 104368K, committed 104400K, reserved 606208K
  class space    used 13144K, capacity 14715K, committed 14720K, reserved 516096K
}
Event: 1234.257 GC heap after
{Heap after GC invocations=217 (full 0):
 garbage-first heap   total 167936K, used 158685K [0x0000000080000000, 0x0000000100000000)
  region size 1024K, 1 young (1024K), 1 survivors (1024K)
 Metaspace       used 100364K, capacity 104368K, committed 104400K, reserved 606208K
  class space    used 13144K, capacity 14715K, committed 14720K, reserved 516096K
}
Event: 1240.722 GC heap before
{Heap before GC invocations=218 (full 0):
 garbage-first heap   total 167936K, used 165853K [0x0000000080000000, 0x0000000100000000)
  region size 1024K, 8 young (8192K), 1 survivors (1024K)
 Metaspace       used 100364K, capacity 104368K, committed 104400K, reserved 606208K
  class space    used 13144K, capacity 14715K, committed 14720K, reserved 516096K
}
Event: 1240.756 GC heap after
{Heap after GC invocations=219 (full 0):
 garbage-first heap   total 167936K, used 158064K [0x0000000080000000, 0x0000000100000000)
  region size 1024K, 1 young (1024K), 1 survivors (1024K)
 Metaspace       used 100364K, capacity 104368K, committed 104400K, reserved 606208K
  class space    used 13144K, capacity 14715K, committed 14720K, reserved 516096K
}
Event: 1260.275 GC heap before
{Heap before GC invocations=219 (full 0):
 garbage-first heap   total 167936K, used 161136K [0x0000000080000000, 0x0000000100000000)
  region size 1024K, 5 young (5120K), 1 survivors (1024K)
 Metaspace       used 100392K, capacity 104454K, committed 104656K, reserved 606208K
  class space    used 13147K, capacity 14719K, committed 14720K, reserved 516096K
}
Event: 1260.411 GC heap after
{Heap after GC invocations=220 (full 0):
 garbage-first heap   total 167936K, used 159172K [0x0000000080000000, 0x0000000100000000)
  region size 1024K, 1 young (1024K), 1 survivors (1024K)
 Metaspace       used 100392K, capacity 104454K, committed 104656K, reserved 606208K
  class space    used 13147K, capacity 14719K, committed 14720K, reserved 516096K
}

