# JRE version: OpenJDK Runtime Environment Temurin-11.0.17+8 (11.0.17+8) (build 11.0.17+8)
# Java VM: OpenJDK 64-Bit Server VM Temurin-11.0.17+8 (11.0.17+8, mixed mode, tiered, compressed oops, g1 gc, windows-amd64)
Heap:
 garbage-first heap   total 95232K, used 62324K [0x0000000080000000, 0x0000000100000000)
  region size 1024K, 10 young (10240K), 3 survivors (3072K)
 Metaspace       used 70187K, capacity 72393K, committed 72656K, reserved 579584K
  class space    used 9105K, capacity 10009K, committed 10112K, reserved 516096K
GC Heap History (20 events):
Event: 565.933 GC heap before
{Heap before GC invocations=82 (full 0):
 garbage-first heap   total 65536K, used 54966K [0x0000000080000000, 0x0000000100000000)
  region size 1024K, 3 young (3072K), 1 survivors (1024K)
 Metaspace       used 67794K, capacity 69852K, committed 69968K, reserved 577536K
  class space    used 8793K, capacity 9630K, committed 9728K, reserved 516096K
}
Event: 565.937 GC heap after
{Heap after GC invocations=83 (full 0):
 garbage-first heap   total 65536K, used 52866K [0x0000000080000000, 0x0000000100000000)
  region size 1024K, 1 young (1024K), 1 survivors (1024K)
 Metaspace       used 67794K, capacity 69852K, committed 69968K, reserved 577536K
  class space    used 8793K, capacity 9630K, committed 9728K, reserved 516096K
}
Event: 566.358 GC heap before
{Heap before GC invocations=84 (full 0):
 garbage-first heap   total 65536K, used 54914K [0x0000000080000000, 0x0000000100000000)
  region size 1024K, 3 young (3072K), 1 survivors (1024K)
 Metaspace       used 67951K, capacity 70046K, committed 70224K, reserved 577536K
  class space    used 8820K, capacity 9672K, committed 9728K, reserved 516096K
}
Event: 566.363 GC heap after
{Heap after GC invocations=85 (full 0):
 garbage-first heap   total 65536K, used 52990K [0x0000000080000000, 0x0000000100000000)
  region size 1024K, 1 young (1024K), 1 survivors (1024K)
 Metaspace       used 67951K, capacity 70046K, committed 70224K, reserved 577536K
  class space    used 8820K, capacity 9672K, committed 9728K, reserved 516096K
}
Event: 566.724 GC heap before
{Heap before GC invocations=85 (full 0):
 garbage-first heap   total 65536K, used 54014K [0x0000000080000000, 0x0000000100000000)
  region size 1024K, 3 young (3072K), 1 survivors (1024K)
 Metaspace       used 68017K, capacity 70056K, committed 70224K, reserved 577536K
  class space    used 8828K, capacity 9674K, committed 9728K, reserved 516096K
}
Event: 566.732 GC heap after
{Heap after GC invocations=86 (full 0):
 garbage-first heap   total 65536K, used 53303K [0x0000000080000000, 0x0000000100000000)
  region size 1024K, 1 young (1024K), 1 survivors (1024K)
 Metaspace       used 68017K, capacity 70056K, committed 70224K, reserved 577536K
  class space    used 8828K, capacity 9674K, committed 9728K, reserved 516096K
}
Event: 567.061 GC heap before
{Heap before GC invocations=87 (full 0):
 garbage-first heap   total 65536K, used 55351K [0x0000000080000000, 0x0000000100000000)
  region size 1024K, 3 young (3072K), 1 survivors (1024K)
 Metaspace       used 68170K, capacity 70223K, committed 70480K, reserved 577536K
  class space    used 8853K, capacity 9707K, committed 9728K, reserved 516096K
}
Event: 567.071 GC heap after
{Heap after GC invocations=88 (full 0):
 garbage-first heap   total 78848K, used 53286K [0x0000000080000000, 0x0000000100000000)
  region size 1024K, 1 young (1024K), 1 survivors (1024K)
 Metaspace       used 68170K, capacity 70223K, committed 70480K, reserved 577536K
  class space    used 8853K, capacity 9707K, committed 9728K, reserved 516096K
}
Event: 569.963 GC heap before
{Heap before GC invocations=88 (full 0):
 garbage-first heap   total 78848K, used 60454K [0x0000000080000000, 0x0000000100000000)
  region size 1024K, 8 young (8192K), 1 survivors (1024K)
 Metaspace       used 68584K, capacity 70694K, committed 70864K, reserved 577536K
  class space    used 8911K, capacity 9757K, committed 9856K, reserved 516096K
}
Event: 569.970 GC heap after
{Heap after GC invocations=89 (full 0):
 garbage-first heap   total 78848K, used 53354K [0x0000000080000000, 0x0000000100000000)
  region size 1024K, 1 young (1024K), 1 survivors (1024K)
 Metaspace       used 68584K, capacity 70694K, committed 70864K, reserved 577536K
  class space    used 8911K, capacity 9757K, committed 9856K, reserved 516096K
}
Event: 588.735 GC heap before
{Heap before GC invocations=90 (full 0):
 garbage-first heap   total 78848K, used 61546K [0x0000000080000000, 0x0000000100000000)
  region size 1024K, 9 young (9216K), 1 survivors (1024K)
 Metaspace       used 68643K, capacity 70703K, committed 70864K, reserved 577536K
  class space    used 8913K, capacity 9758K, committed 9856K, reserved 516096K
}
Event: 588.767 GC heap after
{Heap after GC invocations=91 (full 0):
 garbage-first heap   total 78848K, used 53622K [0x0000000080000000, 0x0000000100000000)
  region size 1024K, 1 young (1024K), 1 survivors (1024K)
 Metaspace       used 68643K, capacity 70703K, committed 70864K, reserved 577536K
  class space    used 8913K, capacity 9758K, committed 9856K, reserved 516096K
}
Event: 609.814 GC heap before
{Heap before GC invocations=91 (full 0):
 garbage-first heap   total 78848K, used 61814K [0x0000000080000000, 0x0000000100000000)
  region size 1024K, 9 young (9216K), 1 survivors (1024K)
 Metaspace       used 68669K, capacity 70782K, committed 71120K, reserved 577536K
  class space    used 8914K, capacity 9760K, committed 9856K, reserved 516096K
}
Event: 609.908 GC heap after
{Heap after GC invocations=92 (full 0):
 garbage-first heap   total 78848K, used 53719K [0x0000000080000000, 0x0000000100000000)
  region size 1024K, 1 young (1024K), 1 survivors (1024K)
 Metaspace       used 68669K, capacity 70782K, committed 71120K, reserved 577536K
  class space    used 8914K, capacity 9760K, committed 9856K, reserved 516096K
}
Event: 634.096 GC heap before
{Heap before GC invocations=93 (full 0):
 garbage-first heap   total 78848K, used 62935K [0x0000000080000000, 0x0000000100000000)
  region size 1024K, 10 young (10240K), 1 survivors (1024K)
 Metaspace       used 68747K, capacity 70851K, committed 71120K, reserved 577536K
  class space    used 8914K, capacity 9760K, committed 9856K, reserved 516096K
}
Event: 634.250 GC heap after
{Heap after GC invocations=94 (full 0):
 garbage-first heap   total 95232K, used 54161K [0x0000000080000000, 0x0000000100000000)
  region size 1024K, 2 young (2048K), 2 survivors (2048K)
 Metaspace       used 68747K, capacity 70851K, committed 71120K, reserved 577536K
  class space    used 8914K, capacity 9760K, committed 9856K, reserved 516096K
}
Event: 667.224 GC heap before
{Heap before GC invocations=94 (full 0):
 garbage-first heap   total 95232K, used 68497K [0x0000000080000000, 0x0000000100000000)
  region size 1024K, 16 young (16384K), 2 survivors (2048K)
 Metaspace       used 69058K, capacity 71119K, committed 71376K, reserved 579584K
  class space    used 8938K, capacity 9805K, committed 9856K, reserved 516096K
}
Event: 667.348 GC heap after
{Heap after GC invocations=95 (full 0):
 garbage-first heap   total 95232K, used 55105K [0x0000000080000000, 0x0000000100000000)
  region size 1024K, 2 young (2048K), 2 survivors (2048K)
 Metaspace       used 69058K, capacity 71119K, committed 71376K, reserved 579584K
  class space    used 8938K, capacity 9805K, committed 9856K, reserved 516096K
}
Event: 704.071 GC heap before
{Heap before GC invocations=96 (full 0):
 garbage-first heap   total 95232K, used 70465K [0x0000000080000000, 0x0000000100000000)
  region size 1024K, 17 young (17408K), 2 survivors (2048K)
 Metaspace       used 69587K, capacity 71822K, committed 72016K, reserved 579584K
  class space    used 8996K, capacity 9860K, committed 9984K, reserved 516096K
}
Event: 704.236 GC heap after
{Heap after GC invocations=97 (full 0):
 garbage-first heap   total 95232K, used 56180K [0x0000000080000000, 0x0000000100000000)
  region size 1024K, 3 young (3072K), 3 survivors (3072K)
 Metaspace       used 69587K, capacity 71822K, committed 72016K, reserved 579584K
  class space    used 8996K, capacity 9860K, committed 9984K, reserved 516096K
}

